<?xml version="1.0" encoding="UTF-8"?>
<testng-results ignored="0" total="1" passed="1" failed="0" skipped="0">
  <reporter-output>
  </reporter-output>
  <suite started-at="2022-07-21T15:34:27 CEST" name="Default suite" finished-at="2022-07-21T15:34:27 CEST" duration-ms="40">
    <groups>
    </groups>
    <test started-at="2022-07-21T15:34:27 CEST" name="Default test" finished-at="2022-07-21T15:34:27 CEST" duration-ms="40">
      <class name="testNGExamples.MyFirstTest">
        <test-method signature="f()[pri:0, instance:testNGExamples.MyFirstTest@1e683a3e]" started-at="2022-07-21T15:34:27 CEST" name="f" finished-at="2022-07-21T15:34:27 CEST" duration-ms="16" status="PASS">
          <reporter-output>
          </reporter-output>
        </test-method> <!-- f -->
      </class> <!-- testNGExamples.MyFirstTest -->
    </test> <!-- Default test -->
  </suite> <!-- Default suite -->
</testng-results>
